0 silly input [ 'migrate:ganache' ]
1 silly flags { _: [ 'run' ],
1 silly flags   'reject-cycles': false,
1 silly flags   rejectCycles: false,
1 silly flags   scope: '@artonomous/contracts',
1 silly flags   script: 'migrate:ganache',
1 silly flags   args: [] }
2 verbose rootPath /Users/nickreynolds/Artonomous/artonomous
3 info version 2.11.0
4 silly existsSync /Users/nickreynolds/Artonomous/artonomous/VERSION
5 info scope @artonomous/contracts
6 silly initialize attempt
7 silly initialize success
8 silly execute attempt
9 silly runScriptInDir migrate:ganache [] contracts
10 silly getExecOpts { cwd: '/Users/nickreynolds/Artonomous/artonomous/packages/contracts' }
11 error migrate:ganache Errored while running script in '@artonomous/contracts'
12 error execute callback with error
13 error Error: Command failed: yarn run migrate:ganache
13 error warning package.json: No license field
13 error warning package.json: No license field
13 error warning package.json: No license field
13 error warning package.json: No license field
13 error warning package.json: No license field
13 error error An unexpected error occurred: "Command failed.
13 error Exit code: 1
13 error Command: sh
13 error Arguments: -c yarn build && truffle migrate --network=ganache --reset
13 error Directory: /Users/nickreynolds/Artonomous/artonomous/packages/contracts
13 error Output:
13 error ".
13 error ERROR: "migrate --network=ganache --reset" exited with 1.
13 error error An unexpected error occurred: "Command failed.
13 error Exit code: 1
13 error Command: sh
13 error Arguments: -c run-s 'migrate --network=ganache --reset'
13 error Directory: /Users/nickreynolds/Artonomous/artonomous/packages/contracts
13 error Output:
13 error ".
13 error $ run-s 'migrate --network=ganache --reset'
13 error $ yarn build && truffle migrate --network=ganache --reset
13 error $ run-p --aggregate-output compile:*
13 error $ tsc
13 error $ truffle compile
13 error Using network 'ganache'.
13 error
13 error Running migration: 1_initial_migration.js
13 error   Replacing Migrations...
13 error   ... 0xdc5bb8b99ecadbec48e6877a92dfa86bdffda39526531a3abbd41a636a589b6c
13 error   Migrations: 0x8b9e409a817c7dc1a42c3dde9e85dcbff602c0fc
13 error Saving successful migration to network...
13 error   ... 0x46cd177f93bd10f3b76939235bb41e1485aefe2836beb72afb4cdfcb4eac8e9b
13 error Saving artifacts...
13 error Running migration: 2_deploy_soul.js
13 error   Replacing SoulToken...
13 error   ... 0x2d063f33b4a0cde5f82e914a6dae46a1729790dc73e90470c2f06da1f05c6a55
13 error   SoulToken: 0xf5288515fd1394b814e38293f41dc22ad8085532
13 error Saving successful migration to network...
13 error   ... 0x2f975a488fa602639a0c3390c9f3a31abbd48148a4c9f007a3cf4f3e3d4271e6
13 error Saving artifacts...
13 error Running migration: 3_deploy_generator_registry.js
13 error   Running step...
13 error   Replacing GeneratorRegistry...
13 error   ... 0xdb2b5da64b1725a639a370f1f5a47cbae740997917cf3da6d143dd5635c6314f
13 error   GeneratorRegistry: 0xf6afcd935c28365cce278fed78b26fe2bc9ae518
13 error Saving successful migration to network...
13 error   ... 0x4a5802655d04cd01b49c17c367832ba519cedc69f4b7eb396271d1a4f58cfd21
13 error Saving artifacts...
13 error Running migration: 4_deploy_generator_factory.js
13 error   Running step...
13 error   Replacing Generator...
13 error   ... 0xb285bdfcbc873e910b88d8cb2d036915e834936d8c71a99e3e35874990837f6e
13 error   Generator: 0xe5608e4945998ab5e4548bc95b421e188095da8e
13 error   Replacing GeneratorFactory...
13 error   ... 0x7a81b3cbd7d0401af64207316d1758a492c12e211591ce5726aeb440296e7fb6
13 error   GeneratorFactory: 0x1886fa412064137bde9ea996ea2bb85377de8ab6
13 error Saving successful migration to network...
13 error   ... 0xc1cb1782c1cea1f9bad662c234663cbf407e2bece210f1989960014e805f9437
13 error Saving artifacts...
13 error Running migration: 5_set_initial_generator.js
13 error   Running step...
13 error   ... 0xc969e7872be8f4fcbfc8e2f048121bd6a85bd3bd21929ad1b6e0cebf6d529992
13 error Saving successful migration to network...
13 error   ... 0xabae987908de34ae063ccc61f8ce10352b469aa1d67b546d0ed979b2899d14fc
13 error Saving artifacts...
13 error Running migration: 6_deploy_art_piece_token.js
13 error   Replacing ArtPieceToken...
13 error   ... 0x035935f23d1e64a4fdf323fca4b64796f0e826a52a785661acbf661a687466d2
13 error   ArtPieceToken: 0x77d32f6f5f454fa76f93859f49f9431cea8c225f
13 error Saving successful migration to network...
13 error   ... 0x6b02e37892ebfdb98cac0c92312fd86b2ef92f917cbbc61fbfa4cfa3c42aaf32
13 error Saving artifacts...
13 error Running migration: 7_deploy_artonomous.js
13 error GeneratorRegistry.address:  0xf6afcd935c28365cce278fed78b26fe2bc9ae518
13 error ArtPieceToken.address:  0x77d32f6f5f454fa76f93859f49f9431cea8c225f
13 error SoulToken.address:  0xf5288515fd1394b814e38293f41dc22ad8085532
13 error   Replacing Artonomous...
13 error   ... 0x236b9125bf9524f8bd7563ea372dfbcfab4d4be7362d2d77d8184cd73b12feb6
13 error   Artonomous: 0x9a74f110586971345a396c74228094a04f5a5ea6
13 error Saving successful migration to network...
13 error   ... 0xfc8317e1e7fdcd13e9c62ec19b66be3cad94c01d0e29a72c6d4f936ae38af6ee
13 error Saving artifacts...
13 error Running migration: 8_transfer_token_ownership.js
13 error   Running step...
13 error Saving successful migration to network...
13 error   ... 0xe4854b9b1519efe28f9b4eb83bb3c5b079ede202a4497572f56a645c52189847
13 error Saving artifacts...
13 error Running migration: 9_extra_for_test.js
13 error   Running step...
13 error   ... 0xe4af4403fc8372dd8cb6310ec49ef72c7c3ae1d9ac2501a762ef59b60815f7ff
13 error Saving successful migration to network...
13 error   ... 0x6f852fbb19655ee2a531527eb69605c652af815aa8fbb34dc2ae131acf643346
13 error Saving artifacts...
13 error Running migration: 10_start_auction.js
13 error   Running step...
13 error   ... 0x2bf37661f88dfd6cb3d836c89f16f63800238913399c305ff45369c89a4042ee
13 error Error encountered, bailing. Network state unknown. Review successful transactions manually.
13 error Transaction: 0x2bf37661f88dfd6cb3d836c89f16f63800238913399c305ff45369c89a4042ee exited with an error (status 0).
13 error Please check that the transaction:
13 error     - satisfies all conditions set by Solidity `require` statements.
13 error     - does not trigger a Solidity `revert` statement.
13 error
13 error info If you think this is a bug, please open a bug report with the information provided in "/Users/nickreynolds/Artonomous/artonomous/packages/contracts/yarn-error.log".
13 error info Visit https://yarnpkg.com/en/docs/cli/run for documentation about this command.
13 error info If you think this is a bug, please open a bug report with the information provided in "/Users/nickreynolds/Artonomous/artonomous/packages/contracts/yarn-error.log".
13 error info Visit https://yarnpkg.com/en/docs/cli/run for documentation about this command.
13 error
13 error     at Promise.all.then.arr (/Users/nickreynolds/Artonomous/artonomous/node_modules/execa/index.js:236:11)
13 error     at <anonymous>
